<?xml version="1.0" encoding="UTF-8"?>
<coverage generated="1681154419178" clover="3.2.0">
  <project timestamp="1681154419178" name="All files">
    <metrics statements="10" coveredstatements="10" conditionals="4" coveredconditionals="4" methods="1" coveredmethods="1" elements="15" coveredelements="15" complexity="0" loc="10" ncloc="10" packages="1" files="1" classes="1"/>
    <file name="ccfunction.js" path="/Users/brianbarker/Desktop/1.4 unit testing/ccfunction.js">
      <metrics statements="10" coveredstatements="10" conditionals="4" coveredconditionals="4" methods="1" coveredmethods="1"/>
      <line num="2" count="1" type="stmt"/>
      <line num="3" count="4" type="stmt"/>
      <line num="4" count="4" type="cond" truecount="2" falsecount="0"/>
      <line num="5" count="3" type="stmt"/>
      <line num="6" count="42" type="cond" truecount="2" falsecount="0"/>
      <line num="7" count="30" type="stmt"/>
      <line num="9" count="12" type="stmt"/>
      <line num="12" count="3" type="stmt"/>
      <line num="15" count="1" type="stmt"/>
      <line num="19" count="1" type="stmt"/>
    </file>
  </project>
</coverage>
