{"/Users/brianbarker/Desktop/1.4 unit testing/ccfunction.js": {"path":"/Users/brianbarker/Desktop/1.4 unit testing/ccfunction.js","statementMap":{"0":{"start":{"line":2,"column":17},"end":{"line":17,"column":3}},"1":{"start":{"line":3,"column":19},"end":{"line":3,"column":21}},"2":{"start":{"line":4,"column":4},"end":{"line":16,"column":5}},"3":{"start":{"line":5,"column":8},"end":{"line":11,"column":9}},"4":{"start":{"line":5,"column":20},"end":{"line":5,"column":21}},"5":{"start":{"line":6,"column":8},"end":{"line":10,"column":9}},"6":{"start":{"line":7,"column":12},"end":{"line":7,"column":31}},"7":{"start":{"line":9,"column":12},"end":{"line":9,"column":35}},"8":{"start":{"line":12,"column":8},"end":{"line":12,"column":33}},"9":{"start":{"line":15,"column":8},"end":{"line":15,"column":53}},"10":{"start":{"line":19,"column":2},"end":{"line":19,"column":28}}},"fnMap":{"0":{"name":"(anonymous_0)","decl":{"start":{"line":2,"column":17},"end":{"line":2,"column":18}},"loc":{"start":{"line":2,"column":27},"end":{"line":17,"column":3}},"line":2}},"branchMap":{"0":{"loc":{"start":{"line":4,"column":4},"end":{"line":16,"column":5}},"type":"if","locations":[{"start":{"line":4,"column":4},"end":{"line":16,"column":5}},{"start":{"line":14,"column":8},"end":{"line":16,"column":5}}],"line":4},"1":{"loc":{"start":{"line":6,"column":8},"end":{"line":10,"column":9}},"type":"if","locations":[{"start":{"line":6,"column":8},"end":{"line":10,"column":9}},{"start":{"line":8,"column":13},"end":{"line":10,"column":9}}],"line":6}},"s":{"0":1,"1":5,"2":5,"3":3,"4":3,"5":42,"6":30,"7":12,"8":3,"9":2,"10":1},"f":{"0":5},"b":{"0":[3,2],"1":[30,12]},"_coverageSchema":"1a1c01bbd47fc00a2c39e90264f33305004495a9","hash":"bbfcf2aae57fbe45ee831afa045e7755cb1cf017"}
}
